2020-04-23-17-38-49 : INFO : bonjour
2020-04-23-17-39-14 : INFO : bonjour
2020-04-23-17-39-18 : INFO : bonjour
2020-04-23-17-41-11 : INFO : bonjour
2020-04-23-17-43-21 : INFO : bonjour
2020-04-23-17-43-47 : INFO : bonjour
2020-04-23-21-03-59 : INFO : row append in data_info
2020-04-23-21-28-07 : INFO : row append in data_info
2020-04-23-21-30-55 : INFO : row append in data_info
2020-04-23-21-30-55 : INFO : row append in data_info
2020-04-23-21-30-55 : INFO : We found the same name
2020-04-23-21-30-55 : INFO : The password is the same
2020-04-23-21-41-28 : INFO : New user added successfully
2020-04-23-21-41-28 : INFO : The cvs_file has been loaded 
2020-04-23-21-41-28 : INFO : The cvs_file has been loaded 
2020-04-23-21-41-28 : INFO : We found the same name
2020-04-23-21-41-28 : INFO : The password is the same
2020-04-23-21-41-34 : INFO : The cvs_file has been loaded 
2020-04-23-21-41-41 : INFO : New user added successfully
2020-04-23-21-41-41 : INFO : The cvs_file has been loaded
2020-04-25-22-01-41 : INFO : Row with the same ID deleted
2020-04-25-22-01-41 : INFO : New user added successfully
2020-04-25-22-01-41 : INFO : data updated 
2020-04-25-22-02-09 : INFO : Row with the same ID deleted
2020-04-25-22-02-09 : INFO : New user added successfully
2020-04-25-22-02-09 : INFO : data updated 
2020-04-25-22-02-09 : INFO : The cvs_file has been loaded 
2020-04-25-22-02-09 : INFO : We found the same name
2020-04-25-22-02-09 : INFO : The password is the same
2020-04-25-22-02-27 : INFO : Row with the same ID deleted
2020-04-25-22-02-50 : INFO : Row with the same ID deleted
2020-04-25-22-02-50 : INFO : New user added successfully
2020-04-25-22-02-50 : INFO : data updated 
